[2022-03-20 20:02:13] ERROR - Error: Class 'App\Config\Router' not found in /var/www/html/citas/index.php:18
Stack trace:
#0 {main} - {"method":"GET","uri":"\/citas\/?X=true"}
[2022-03-20 20:02:48] ERROR - Error: Class 'App\Config\Routes' not found in /var/www/html/citas/index.php:16
Stack trace:
#0 {main} - {"method":"GET","uri":"\/citas\/?X=true"}
[2022-03-20 20:02:59] ERROR - Exception: Route not found in /var/www/html/citas/app/Config/Routes.php:42
Stack trace:
#0 /var/www/html/citas/index.php(16): App\Config\Routes::callRoute('GET', '/citas/?X=true')
#1 {main} - {"method":"GET","uri":"\/citas\/?X=true"}
[2022-03-20 20:06:23] ERROR - Exception: Route not found in /var/www/html/citas/app/Config/Routes.php:44
Stack trace:
#0 /var/www/html/citas/index.php(16): App\Config\Routes::callRoute('GET', '/citas/ ?X=true')
#1 {main} - {"method":"GET","uri":"\/citas\/%20?X=true"}
[2022-03-20 21:09:05] ERROR - App\Exceptions\HttpException: [404]: Not found - {"method":"GET","uri":"\/citas\/verga?X=true"}
[2022-03-20 21:11:33] ERROR - Error: Cannot unpack array with string keys in /var/www/html/citas/app/Config/Routes.php:68
Stack trace:
#0 /var/www/html/citas/index.php(17): App\Config\Routes::callRoute('GET', '/citas/verga?X=...')
#1 {main} - {"method":"GET","uri":"\/citas\/verga?X=true"}
[2022-03-20 21:11:55] ERROR - Error: Cannot unpack array with string keys in /var/www/html/citas/app/Config/Routes.php:69
Stack trace:
#0 /var/www/html/citas/index.php(17): App\Config\Routes::callRoute('GET', '/citas/verga?X=...')
#1 {main} - {"method":"GET","uri":"\/citas\/verga?X=true"}
[2022-03-20 21:16:03] ERROR - Error: Cannot unpack array with string keys in /var/www/html/citas/app/Config/Routes.php:68
Stack trace:
#0 /var/www/html/citas/index.php(17): App\Config\Routes::callRoute('GET', '/citas/verga?X=...')
#1 {main} - {"method":"GET","uri":"\/citas\/verga?X=true"}
[2022-03-20 21:16:34] ERROR - TypeError: Argument 1 passed to App\Controller\Citas::get() must be of the type int, string given in /var/www/html/citas/app/Controller/Citas.php:10
Stack trace:
#0 [internal function]: App\Controller\Citas::get('verga')
#1 /var/www/html/citas/app/Config/Routes.php(68): call_user_func(Array, 'verga')
#2 /var/www/html/citas/index.php(17): App\Config\Routes::callRoute('GET', '/citas/verga?X=...')
#3 {main} - {"method":"GET","uri":"\/citas\/verga?X=true"}
[2022-03-20 21:22:18] ERROR - App\Exceptions\HttpException: [404]: Not found - {"method":"GET","uri":"\/citas\/2?X=true"}
[2022-03-20 21:22:24] ERROR - App\Exceptions\HttpException: [404]: Not found - {"method":"GET","uri":"\/citas\/verga?X=true"}
